<templateSet group="junit">
  <template name="junit" value="@org.junit.Test&#10;public void should$name$() throws java.lang.Exception {&#10;  // given&#10;  &#10;  // when&#10;  testObj.$END$&#10;  &#10;  //then&#10;  &#10;}" description="New JUnit ethod" toReformat="true" toShortenFQNames="true">
    <variable name="name" expression="" defaultValue="&quot;Describe&quot;" alwaysStopAt="true" />
    <context>
      <option name="JAVA_DECLARATION" value="true" />
    </context>
  </template>
</templateSet>